0 info it worked if it ends with ok
1 verbose cli [ 'C:\\Program Files\\nodejs\\node.exe',
1 verbose cli   'C:\\Program Files\\nodejs\\node_modules\\npm\\bin\\npm-cli.js',
1 verbose cli   'install',
1 verbose cli   'cnpm',
1 verbose cli   '-g',
1 verbose cli   '--registry=https://registry.npm.t',
1 verbose cli   'aobao.org' ]
2 info using npm@3.10.10
3 info using node@v6.10.0
4 silly loadCurrentTree Starting
5 silly install loadCurrentTree
6 silly install readGlobalPackageData
7 silly fetchPackageMetaData cnpm
8 silly fetchPackageMetaData aobao.org
9 silly fetchNamedPackageData cnpm
10 silly mapToRegistry name cnpm
11 silly mapToRegistry using default registry
12 silly mapToRegistry registry https://registry.npm.t/
13 silly mapToRegistry data Result {
13 silly mapToRegistry   raw: 'cnpm',
13 silly mapToRegistry   scope: null,
13 silly mapToRegistry   escapedName: 'cnpm',
13 silly mapToRegistry   name: 'cnpm',
13 silly mapToRegistry   rawSpec: '',
13 silly mapToRegistry   spec: 'latest',
13 silly mapToRegistry   type: 'tag' }
14 silly mapToRegistry uri https://registry.npm.t/cnpm
15 silly fetchNamedPackageData aobao.org
16 silly mapToRegistry name aobao.org
17 silly mapToRegistry using default registry
18 silly mapToRegistry registry https://registry.npm.t/
19 silly mapToRegistry data Result {
19 silly mapToRegistry   raw: 'aobao.org',
19 silly mapToRegistry   scope: null,
19 silly mapToRegistry   escapedName: 'aobao.org',
19 silly mapToRegistry   name: 'aobao.org',
19 silly mapToRegistry   rawSpec: '',
19 silly mapToRegistry   spec: 'latest',
19 silly mapToRegistry   type: 'tag' }
20 silly mapToRegistry uri https://registry.npm.t/aobao.org
21 verbose request uri https://registry.npm.t/cnpm
22 verbose request no auth needed
23 info attempt registry request try #1 at 17:01:56
24 verbose request id c01072d3025ccfa0
25 http request GET https://registry.npm.t/cnpm
26 verbose request uri https://registry.npm.t/aobao.org
27 verbose request no auth needed
28 info attempt registry request try #1 at 17:01:56
29 http request GET https://registry.npm.t/aobao.org
30 info retry will retry, error on last attempt: Error: connect ECONNREFUSED 221.179.46.190:443
31 info retry will retry, error on last attempt: Error: connect ECONNREFUSED 221.179.46.190:443
32 info attempt registry request try #2 at 17:02:08
33 http request GET https://registry.npm.t/cnpm
34 info attempt registry request try #2 at 17:02:08
35 http request GET https://registry.npm.t/aobao.org
36 info retry will retry, error on last attempt: Error: connect ECONNREFUSED 221.179.46.190:443
37 info retry will retry, error on last attempt: Error: connect ECONNREFUSED 221.179.46.190:443
38 info attempt registry request try #3 at 17:03:09
39 http request GET https://registry.npm.t/cnpm
40 info attempt registry request try #3 at 17:03:09
41 http request GET https://registry.npm.t/aobao.org
42 silly fetchPackageMetaData Error: connect ECONNREFUSED 221.179.46.190:443
42 silly fetchPackageMetaData     at Object.exports._errnoException (util.js:1022:11)
42 silly fetchPackageMetaData     at exports._exceptionWithHostPort (util.js:1045:20)
42 silly fetchPackageMetaData     at TCPConnectWrap.afterConnect [as oncomplete] (net.js:1087:14)
42 silly fetchPackageMetaData  error for cnpm { Error: connect ECONNREFUSED 221.179.46.190:443
42 silly fetchPackageMetaData     at Object.exports._errnoException (util.js:1022:11)
42 silly fetchPackageMetaData     at exports._exceptionWithHostPort (util.js:1045:20)
42 silly fetchPackageMetaData     at TCPConnectWrap.afterConnect [as oncomplete] (net.js:1087:14)
42 silly fetchPackageMetaData   code: 'ECONNREFUSED',
42 silly fetchPackageMetaData   errno: 'ECONNREFUSED',
42 silly fetchPackageMetaData   syscall: 'connect',
42 silly fetchPackageMetaData   address: '221.179.46.190',
42 silly fetchPackageMetaData   port: 443 }
43 silly fetchPackageMetaData Error: connect ECONNREFUSED 221.179.46.190:443
43 silly fetchPackageMetaData     at Object.exports._errnoException (util.js:1022:11)
43 silly fetchPackageMetaData     at exports._exceptionWithHostPort (util.js:1045:20)
43 silly fetchPackageMetaData     at TCPConnectWrap.afterConnect [as oncomplete] (net.js:1087:14)
43 silly fetchPackageMetaData  error for aobao.org { Error: connect ECONNREFUSED 221.179.46.190:443
43 silly fetchPackageMetaData     at Object.exports._errnoException (util.js:1022:11)
43 silly fetchPackageMetaData     at exports._exceptionWithHostPort (util.js:1045:20)
43 silly fetchPackageMetaData     at TCPConnectWrap.afterConnect [as oncomplete] (net.js:1087:14)
43 silly fetchPackageMetaData   code: 'ECONNREFUSED',
43 silly fetchPackageMetaData   errno: 'ECONNREFUSED',
43 silly fetchPackageMetaData   syscall: 'connect',
43 silly fetchPackageMetaData   address: '221.179.46.190',
43 silly fetchPackageMetaData   port: 443 }
44 silly rollbackFailedOptional Starting
45 silly rollbackFailedOptional Finishing
46 silly runTopLevelLifecycles Finishing
47 silly install printInstalled
48 verbose stack Error: connect ECONNREFUSED 221.179.46.190:443
48 verbose stack     at Object.exports._errnoException (util.js:1022:11)
48 verbose stack     at exports._exceptionWithHostPort (util.js:1045:20)
48 verbose stack     at TCPConnectWrap.afterConnect [as oncomplete] (net.js:1087:14)
49 verbose cwd F:\php\WWW\xiaoMi
50 error Windows_NT 10.0.14393
51 error argv "C:\\Program Files\\nodejs\\node.exe" "C:\\Program Files\\nodejs\\node_modules\\npm\\bin\\npm-cli.js" "install" "cnpm" "-g" "--registry=https://registry.npm.t" "aobao.org"
52 error node v6.10.0
53 error npm  v3.10.10
54 error code ECONNREFUSED
55 error errno ECONNREFUSED
56 error syscall connect
57 error Error: connect ECONNREFUSED 221.179.46.190:443
57 error     at Object.exports._errnoException (util.js:1022:11)
57 error     at exports._exceptionWithHostPort (util.js:1045:20)
57 error     at TCPConnectWrap.afterConnect [as oncomplete] (net.js:1087:14)
57 error  { Error: connect ECONNREFUSED 221.179.46.190:443
57 error     at Object.exports._errnoException (util.js:1022:11)
57 error     at exports._exceptionWithHostPort (util.js:1045:20)
57 error     at TCPConnectWrap.afterConnect [as oncomplete] (net.js:1087:14)
57 error   code: 'ECONNREFUSED',
57 error   errno: 'ECONNREFUSED',
57 error   syscall: 'connect',
57 error   address: '221.179.46.190',
57 error   port: 443 }
58 error If you are behind a proxy, please make sure that the
58 error 'proxy' config is set properly.  See: 'npm help config'
59 verbose exit [ 1, true ]
